  OpenCVApplication.cpp
e:\image processing\lab7\opencvapplication-vs2013_2413_basic\opencvapplication.cpp(19): warning C4305: 'initializing': truncation from 'double' to 'float'
e:\image processing\lab7\opencvapplication-vs2013_2413_basic\opencvapplication.cpp(575): warning C4244: '=': conversion from 'double' to 'int', possible loss of data
e:\image processing\lab7\opencvapplication-vs2013_2413_basic\opencvapplication.cpp(604): warning C4244: 'argument': conversion from 'double' to 'int', possible loss of data
e:\image processing\lab7\opencvapplication-vs2013_2413_basic\opencvapplication.cpp(624): warning C4244: 'argument': conversion from 'float' to 'int', possible loss of data
e:\image processing\lab7\opencvapplication-vs2013_2413_basic\opencvapplication.cpp(639): warning C4244: 'argument': conversion from 'double' to 'int', possible loss of data
e:\image processing\lab7\opencvapplication-vs2013_2413_basic\opencvapplication.cpp(682): warning C4244: 'argument': conversion from 'double' to 'int', possible loss of data
e:\image processing\lab7\opencvapplication-vs2013_2413_basic\opencvapplication.cpp(666): warning C4101: 'delta_p': unreferenced local variable
e:\image processing\lab7\opencvapplication-vs2013_2413_basic\opencvapplication.cpp(820): warning C4244: '=': conversion from 'float' to 'uchar', possible loss of data
e:\image processing\lab7\opencvapplication-vs2013_2413_basic\opencvapplication.cpp(821): warning C4244: '=': conversion from 'float' to 'uchar', possible loss of data
e:\image processing\lab7\opencvapplication-vs2013_2413_basic\opencvapplication.cpp(822): warning C4244: '=': conversion from 'float' to 'uchar', possible loss of data
e:\image processing\lab7\opencvapplication-vs2013_2413_basic\opencvapplication.cpp(766): warning C4101: 'H_norm': unreferenced local variable
e:\image processing\lab7\opencvapplication-vs2013_2413_basic\opencvapplication.cpp(766): warning C4101: 'V_norm': unreferenced local variable
e:\image processing\lab7\opencvapplication-vs2013_2413_basic\opencvapplication.cpp(766): warning C4101: 'S_norm': unreferenced local variable
e:\image processing\lab7\opencvapplication-vs2013_2413_basic\opencvapplication.cpp(849): warning C4244: '=': conversion from 'int' to 'float', possible loss of data
e:\image processing\lab7\opencvapplication-vs2013_2413_basic\opencvapplication.cpp(865): warning C4244: '=': conversion from 'float' to 'uchar', possible loss of data
e:\image processing\lab7\opencvapplication-vs2013_2413_basic\opencvapplication.cpp(949): warning C4101: 'sum': unreferenced local variable
e:\image processing\lab7\opencvapplication-vs2013_2413_basic\opencvapplication.cpp(949): warning C4101: 'average': unreferenced local variable
e:\image processing\lab7\opencvapplication-vs2013_2413_basic\opencvapplication.cpp(1264): warning C4244: 'argument': conversion from 'double' to 'int', possible loss of data
e:\image processing\lab7\opencvapplication-vs2013_2413_basic\opencvapplication.cpp(1265): warning C4244: 'argument': conversion from 'double' to 'int', possible loss of data
e:\image processing\lab7\opencvapplication-vs2013_2413_basic\opencvapplication.cpp(1266): warning C4244: 'argument': conversion from 'double' to 'int', possible loss of data
e:\image processing\lab7\opencvapplication-vs2013_2413_basic\opencvapplication.cpp(1267): warning C4244: 'argument': conversion from 'double' to 'int', possible loss of data
e:\image processing\lab7\opencvapplication-vs2013_2413_basic\opencvapplication.cpp(1272): warning C4244: 'argument': conversion from 'double' to 'int', possible loss of data
e:\image processing\lab7\opencvapplication-vs2013_2413_basic\opencvapplication.cpp(1273): warning C4244: 'argument': conversion from 'double' to 'int', possible loss of data
e:\image processing\lab7\opencvapplication-vs2013_2413_basic\opencvapplication.cpp(1374): warning C4244: 'argument': conversion from 'double' to 'int', possible loss of data
e:\image processing\lab7\opencvapplication-vs2013_2413_basic\opencvapplication.cpp(1375): warning C4244: 'argument': conversion from 'double' to 'int', possible loss of data
e:\image processing\lab7\opencvapplication-vs2013_2413_basic\opencvapplication.cpp(1460): warning C4244: '=': conversion from 'double' to 'float', possible loss of data
e:\image processing\lab7\opencvapplication-vs2013_2413_basic\opencvapplication.cpp(1461): warning C4244: '=': conversion from 'double' to 'float', possible loss of data
e:\image processing\lab7\opencvapplication-vs2013_2413_basic\opencvapplication.cpp(1573): warning C4101: 'neigh': unreferenced local variable
e:\image processing\lab7\opencvapplication-vs2013_2413_basic\opencvapplication.cpp(1586): warning C4018: '<': signed/unsigned mismatch
e:\image processing\lab7\opencvapplication-vs2013_2413_basic\opencvapplication.cpp(1640): warning C4018: '<': signed/unsigned mismatch
e:\image processing\lab7\opencvapplication-vs2013_2413_basic\opencvapplication.cpp(1691): warning C4018: '<': signed/unsigned mismatch
e:\image processing\lab7\opencvapplication-vs2013_2413_basic\opencvapplication.cpp(1725): warning C4101: 'neigh': unreferenced local variable
e:\image processing\lab7\opencvapplication-vs2013_2413_basic\opencvapplication.cpp(1743): warning C4101: 'dirOld': unreferenced local variable
e:\image processing\lab7\opencvapplication-vs2013_2413_basic\opencvapplication.cpp(1743): warning C4101: 'dirNew': unreferenced local variable
e:\image processing\lab7\opencvapplication-vs2013_2413_basic\opencvapplication.cpp(1781): warning C4101: 'dirNew': unreferenced local variable
e:\image processing\lab7\opencvapplication-vs2013_2413_basic\opencvapplication.cpp(727): warning C4715: 'fromColorToGray': not all control paths return a value
  OpenCVApplication.vcxproj -> E:\Image Processing\Lab7\OpenCVApplication-VS2013_2413_basic\Debug\OpenCVApplication.exe
  OpenCVApplication.vcxproj -> E:\Image Processing\Lab7\OpenCVApplication-VS2013_2413_basic\Debug\OpenCVApplication.pdb (Full PDB)
  OpenCV\dll\Debug\opencv_calib3d2413d.dll
  OpenCV\dll\Debug\opencv_contrib2413d.dll
  OpenCV\dll\Debug\opencv_core2413d.dll
  OpenCV\dll\Debug\opencv_features2d2413d.dll
  OpenCV\dll\Debug\opencv_ffmpeg2413.dll
  OpenCV\dll\Debug\opencv_flann2413d.dll
  OpenCV\dll\Debug\opencv_gpu2413d.dll
  OpenCV\dll\Debug\opencv_highgui2413d.dll
  OpenCV\dll\Debug\opencv_imgproc2413d.dll
  OpenCV\dll\Debug\opencv_legacy2413d.dll
  OpenCV\dll\Debug\opencv_ml2413d.dll
  OpenCV\dll\Debug\opencv_nonfree2413d.dll
  OpenCV\dll\Debug\opencv_objdetect2413d.dll
  OpenCV\dll\Debug\opencv_ocl2413d.dll
  OpenCV\dll\Debug\opencv_photo2413d.dll
  OpenCV\dll\Debug\opencv_stitching2413d.dll
  OpenCV\dll\Debug\opencv_superres2413d.dll
  OpenCV\dll\Debug\opencv_video2413d.dll
  OpenCV\dll\Debug\opencv_videostab2413d.dll
         19 file(s) copied.
