  OpenCVApplication.cpp
OpenCVApplication.cpp(14): warning C4305: 'initializing': truncation from 'double' to 'float'
OpenCVApplication.cpp(570): warning C4244: '=': conversion from 'double' to 'int', possible loss of data
OpenCVApplication.cpp(599): warning C4244: 'argument': conversion from 'double' to 'int', possible loss of data
OpenCVApplication.cpp(619): warning C4244: 'argument': conversion from 'float' to 'int', possible loss of data
OpenCVApplication.cpp(634): warning C4244: 'argument': conversion from 'double' to 'int', possible loss of data
OpenCVApplication.cpp(677): warning C4244: 'argument': conversion from 'double' to 'int', possible loss of data
OpenCVApplication.cpp(661): warning C4101: 'delta_p': unreferenced local variable
OpenCVApplication.cpp(815): warning C4244: '=': conversion from 'float' to 'uchar', possible loss of data
OpenCVApplication.cpp(816): warning C4244: '=': conversion from 'float' to 'uchar', possible loss of data
OpenCVApplication.cpp(817): warning C4244: '=': conversion from 'float' to 'uchar', possible loss of data
OpenCVApplication.cpp(761): warning C4101: 'H_norm': unreferenced local variable
OpenCVApplication.cpp(761): warning C4101: 'V_norm': unreferenced local variable
OpenCVApplication.cpp(761): warning C4101: 'S_norm': unreferenced local variable
OpenCVApplication.cpp(844): warning C4244: '=': conversion from 'int' to 'float', possible loss of data
OpenCVApplication.cpp(860): warning C4244: '=': conversion from 'float' to 'uchar', possible loss of data
OpenCVApplication.cpp(944): warning C4101: 'sum': unreferenced local variable
OpenCVApplication.cpp(944): warning C4101: 'average': unreferenced local variable
OpenCVApplication.cpp(1291): warning C4244: 'argument': conversion from 'double' to 'int', possible loss of data
OpenCVApplication.cpp(1292): warning C4244: 'argument': conversion from 'double' to 'int', possible loss of data
  Generating code
  0 of 188 functions ( 0.0%) were compiled, the rest were copied from previous compilation.
    0 functions were new in current compilation
    4 functions had inline decision re-evaluated but remain unchanged
  Finished generating code
  OpenCVApplication.vcxproj -> E:\Image Processing\Lab4\OpenCVApplication-VS2013_2413_basic\Release\OpenCVApplication.exe
  OpenCVApplication.vcxproj -> E:\Image Processing\Lab4\OpenCVApplication-VS2013_2413_basic\Release\OpenCVApplication.pdb (Full PDB)
  OpenCV\dll\Release\opencv_calib3d2413.dll
  OpenCV\dll\Release\opencv_contrib2413.dll
  OpenCV\dll\Release\opencv_core2413.dll
  OpenCV\dll\Release\opencv_features2d2413.dll
  OpenCV\dll\Release\opencv_ffmpeg2413.dll
  OpenCV\dll\Release\opencv_flann2413.dll
  OpenCV\dll\Release\opencv_gpu2413.dll
  OpenCV\dll\Release\opencv_highgui2413.dll
  OpenCV\dll\Release\opencv_imgproc2413.dll
  OpenCV\dll\Release\opencv_legacy2413.dll
  OpenCV\dll\Release\opencv_ml2413.dll
  OpenCV\dll\Release\opencv_nonfree2413.dll
  OpenCV\dll\Release\opencv_objdetect2413.dll
  OpenCV\dll\Release\opencv_ocl2413.dll
  OpenCV\dll\Release\opencv_photo2413.dll
  OpenCV\dll\Release\opencv_stitching2413.dll
  OpenCV\dll\Release\opencv_superres2413.dll
  OpenCV\dll\Release\opencv_video2413.dll
  OpenCV\dll\Release\opencv_videostab2413.dll
         19 file(s) copied.
