  OpenCVApplication.cpp
e:\image processing\project\opencvapplication-vs2013_2413_basic\opencvapplication.cpp(20): warning C4305: 'initializing': truncation from 'double' to 'float'
e:\image processing\project\opencvapplication-vs2013_2413_basic\opencvapplication.cpp(576): warning C4244: '=': conversion from 'double' to 'int', possible loss of data
e:\image processing\project\opencvapplication-vs2013_2413_basic\opencvapplication.cpp(605): warning C4244: 'argument': conversion from 'double' to 'int', possible loss of data
e:\image processing\project\opencvapplication-vs2013_2413_basic\opencvapplication.cpp(625): warning C4244: 'argument': conversion from 'float' to 'int', possible loss of data
e:\image processing\project\opencvapplication-vs2013_2413_basic\opencvapplication.cpp(640): warning C4244: 'argument': conversion from 'double' to 'int', possible loss of data
e:\image processing\project\opencvapplication-vs2013_2413_basic\opencvapplication.cpp(683): warning C4244: 'argument': conversion from 'double' to 'int', possible loss of data
e:\image processing\project\opencvapplication-vs2013_2413_basic\opencvapplication.cpp(667): warning C4101: 'delta_p': unreferenced local variable
e:\image processing\project\opencvapplication-vs2013_2413_basic\opencvapplication.cpp(821): warning C4244: '=': conversion from 'float' to 'uchar', possible loss of data
e:\image processing\project\opencvapplication-vs2013_2413_basic\opencvapplication.cpp(822): warning C4244: '=': conversion from 'float' to 'uchar', possible loss of data
e:\image processing\project\opencvapplication-vs2013_2413_basic\opencvapplication.cpp(823): warning C4244: '=': conversion from 'float' to 'uchar', possible loss of data
e:\image processing\project\opencvapplication-vs2013_2413_basic\opencvapplication.cpp(767): warning C4101: 'H_norm': unreferenced local variable
e:\image processing\project\opencvapplication-vs2013_2413_basic\opencvapplication.cpp(767): warning C4101: 'V_norm': unreferenced local variable
e:\image processing\project\opencvapplication-vs2013_2413_basic\opencvapplication.cpp(767): warning C4101: 'S_norm': unreferenced local variable
e:\image processing\project\opencvapplication-vs2013_2413_basic\opencvapplication.cpp(850): warning C4244: '=': conversion from 'int' to 'float', possible loss of data
e:\image processing\project\opencvapplication-vs2013_2413_basic\opencvapplication.cpp(866): warning C4244: '=': conversion from 'float' to 'uchar', possible loss of data
e:\image processing\project\opencvapplication-vs2013_2413_basic\opencvapplication.cpp(950): warning C4101: 'sum': unreferenced local variable
e:\image processing\project\opencvapplication-vs2013_2413_basic\opencvapplication.cpp(950): warning C4101: 'average': unreferenced local variable
e:\image processing\project\opencvapplication-vs2013_2413_basic\opencvapplication.cpp(1265): warning C4244: 'argument': conversion from 'double' to 'int', possible loss of data
e:\image processing\project\opencvapplication-vs2013_2413_basic\opencvapplication.cpp(1266): warning C4244: 'argument': conversion from 'double' to 'int', possible loss of data
e:\image processing\project\opencvapplication-vs2013_2413_basic\opencvapplication.cpp(1267): warning C4244: 'argument': conversion from 'double' to 'int', possible loss of data
e:\image processing\project\opencvapplication-vs2013_2413_basic\opencvapplication.cpp(1268): warning C4244: 'argument': conversion from 'double' to 'int', possible loss of data
e:\image processing\project\opencvapplication-vs2013_2413_basic\opencvapplication.cpp(1273): warning C4244: 'argument': conversion from 'double' to 'int', possible loss of data
e:\image processing\project\opencvapplication-vs2013_2413_basic\opencvapplication.cpp(1274): warning C4244: 'argument': conversion from 'double' to 'int', possible loss of data
e:\image processing\project\opencvapplication-vs2013_2413_basic\opencvapplication.cpp(1375): warning C4244: 'argument': conversion from 'double' to 'int', possible loss of data
e:\image processing\project\opencvapplication-vs2013_2413_basic\opencvapplication.cpp(1376): warning C4244: 'argument': conversion from 'double' to 'int', possible loss of data
e:\image processing\project\opencvapplication-vs2013_2413_basic\opencvapplication.cpp(1461): warning C4244: '=': conversion from 'double' to 'float', possible loss of data
e:\image processing\project\opencvapplication-vs2013_2413_basic\opencvapplication.cpp(1462): warning C4244: '=': conversion from 'double' to 'float', possible loss of data
e:\image processing\project\opencvapplication-vs2013_2413_basic\opencvapplication.cpp(1574): warning C4101: 'neigh': unreferenced local variable
e:\image processing\project\opencvapplication-vs2013_2413_basic\opencvapplication.cpp(1587): warning C4018: '<': signed/unsigned mismatch
e:\image processing\project\opencvapplication-vs2013_2413_basic\opencvapplication.cpp(1641): warning C4018: '<': signed/unsigned mismatch
e:\image processing\project\opencvapplication-vs2013_2413_basic\opencvapplication.cpp(1692): warning C4018: '<': signed/unsigned mismatch
e:\image processing\project\opencvapplication-vs2013_2413_basic\opencvapplication.cpp(1726): warning C4101: 'neigh': unreferenced local variable
e:\image processing\project\opencvapplication-vs2013_2413_basic\opencvapplication.cpp(1744): warning C4101: 'dirOld': unreferenced local variable
e:\image processing\project\opencvapplication-vs2013_2413_basic\opencvapplication.cpp(1744): warning C4101: 'dirNew': unreferenced local variable
e:\image processing\project\opencvapplication-vs2013_2413_basic\opencvapplication.cpp(1782): warning C4101: 'dirNew': unreferenced local variable
e:\image processing\project\opencvapplication-vs2013_2413_basic\opencvapplication.cpp(2259): warning C4244: '=': conversion from 'float' to 'uchar', possible loss of data
e:\image processing\project\opencvapplication-vs2013_2413_basic\opencvapplication.cpp(2234): warning C4101: 'equalizeHistogram': unreferenced local variable
e:\image processing\project\opencvapplication-vs2013_2413_basic\opencvapplication.cpp(2393): warning C4244: 'initializing': conversion from 'float' to 'int', possible loss of data
e:\image processing\project\opencvapplication-vs2013_2413_basic\opencvapplication.cpp(2427): warning C4244: 'initializing': conversion from 'float' to 'int', possible loss of data
e:\image processing\project\opencvapplication-vs2013_2413_basic\opencvapplication.cpp(2467): warning C4244: '=': conversion from 'double' to 'float', possible loss of data
e:\image processing\project\opencvapplication-vs2013_2413_basic\opencvapplication.cpp(2468): warning C4244: '=': conversion from 'double' to 'float', possible loss of data
e:\image processing\project\opencvapplication-vs2013_2413_basic\opencvapplication.cpp(728): warning C4715: 'fromColorToGray': not all control paths return a value
  OpenCVApplication.vcxproj -> E:\Image Processing\Project\OpenCVApplication-VS2013_2413_basic\Debug\OpenCVApplication.exe
  OpenCVApplication.vcxproj -> E:\Image Processing\Project\OpenCVApplication-VS2013_2413_basic\Debug\OpenCVApplication.pdb (Full PDB)
  OpenCV\dll\Debug\opencv_calib3d2413d.dll
  OpenCV\dll\Debug\opencv_contrib2413d.dll
  OpenCV\dll\Debug\opencv_core2413d.dll
  OpenCV\dll\Debug\opencv_features2d2413d.dll
  OpenCV\dll\Debug\opencv_ffmpeg2413.dll
  OpenCV\dll\Debug\opencv_flann2413d.dll
  OpenCV\dll\Debug\opencv_gpu2413d.dll
  OpenCV\dll\Debug\opencv_highgui2413d.dll
  OpenCV\dll\Debug\opencv_imgproc2413d.dll
  OpenCV\dll\Debug\opencv_legacy2413d.dll
  OpenCV\dll\Debug\opencv_ml2413d.dll
  OpenCV\dll\Debug\opencv_nonfree2413d.dll
  OpenCV\dll\Debug\opencv_objdetect2413d.dll
  OpenCV\dll\Debug\opencv_ocl2413d.dll
  OpenCV\dll\Debug\opencv_photo2413d.dll
  OpenCV\dll\Debug\opencv_stitching2413d.dll
  OpenCV\dll\Debug\opencv_superres2413d.dll
  OpenCV\dll\Debug\opencv_video2413d.dll
  OpenCV\dll\Debug\opencv_videostab2413d.dll
         19 file(s) copied.
