  OpenCVApplication.cpp
e:\image processing\lab5\opencvapplication-vs2013_2413_basic\opencvapplication.cpp(16): warning C4305: 'initializing': truncation from 'double' to 'float'
e:\image processing\lab5\opencvapplication-vs2013_2413_basic\opencvapplication.cpp(572): warning C4244: '=': conversion from 'double' to 'int', possible loss of data
e:\image processing\lab5\opencvapplication-vs2013_2413_basic\opencvapplication.cpp(601): warning C4244: 'argument': conversion from 'double' to 'int', possible loss of data
e:\image processing\lab5\opencvapplication-vs2013_2413_basic\opencvapplication.cpp(621): warning C4244: 'argument': conversion from 'float' to 'int', possible loss of data
e:\image processing\lab5\opencvapplication-vs2013_2413_basic\opencvapplication.cpp(636): warning C4244: 'argument': conversion from 'double' to 'int', possible loss of data
e:\image processing\lab5\opencvapplication-vs2013_2413_basic\opencvapplication.cpp(679): warning C4244: 'argument': conversion from 'double' to 'int', possible loss of data
e:\image processing\lab5\opencvapplication-vs2013_2413_basic\opencvapplication.cpp(663): warning C4101: 'delta_p': unreferenced local variable
e:\image processing\lab5\opencvapplication-vs2013_2413_basic\opencvapplication.cpp(817): warning C4244: '=': conversion from 'float' to 'uchar', possible loss of data
e:\image processing\lab5\opencvapplication-vs2013_2413_basic\opencvapplication.cpp(818): warning C4244: '=': conversion from 'float' to 'uchar', possible loss of data
e:\image processing\lab5\opencvapplication-vs2013_2413_basic\opencvapplication.cpp(819): warning C4244: '=': conversion from 'float' to 'uchar', possible loss of data
e:\image processing\lab5\opencvapplication-vs2013_2413_basic\opencvapplication.cpp(763): warning C4101: 'H_norm': unreferenced local variable
e:\image processing\lab5\opencvapplication-vs2013_2413_basic\opencvapplication.cpp(763): warning C4101: 'V_norm': unreferenced local variable
e:\image processing\lab5\opencvapplication-vs2013_2413_basic\opencvapplication.cpp(763): warning C4101: 'S_norm': unreferenced local variable
e:\image processing\lab5\opencvapplication-vs2013_2413_basic\opencvapplication.cpp(846): warning C4244: '=': conversion from 'int' to 'float', possible loss of data
e:\image processing\lab5\opencvapplication-vs2013_2413_basic\opencvapplication.cpp(862): warning C4244: '=': conversion from 'float' to 'uchar', possible loss of data
e:\image processing\lab5\opencvapplication-vs2013_2413_basic\opencvapplication.cpp(946): warning C4101: 'sum': unreferenced local variable
e:\image processing\lab5\opencvapplication-vs2013_2413_basic\opencvapplication.cpp(946): warning C4101: 'average': unreferenced local variable
e:\image processing\lab5\opencvapplication-vs2013_2413_basic\opencvapplication.cpp(1261): warning C4244: 'argument': conversion from 'double' to 'int', possible loss of data
e:\image processing\lab5\opencvapplication-vs2013_2413_basic\opencvapplication.cpp(1262): warning C4244: 'argument': conversion from 'double' to 'int', possible loss of data
e:\image processing\lab5\opencvapplication-vs2013_2413_basic\opencvapplication.cpp(1263): warning C4244: 'argument': conversion from 'double' to 'int', possible loss of data
e:\image processing\lab5\opencvapplication-vs2013_2413_basic\opencvapplication.cpp(1264): warning C4244: 'argument': conversion from 'double' to 'int', possible loss of data
e:\image processing\lab5\opencvapplication-vs2013_2413_basic\opencvapplication.cpp(1269): warning C4244: 'argument': conversion from 'double' to 'int', possible loss of data
e:\image processing\lab5\opencvapplication-vs2013_2413_basic\opencvapplication.cpp(1270): warning C4244: 'argument': conversion from 'double' to 'int', possible loss of data
e:\image processing\lab5\opencvapplication-vs2013_2413_basic\opencvapplication.cpp(1371): warning C4244: 'argument': conversion from 'double' to 'int', possible loss of data
e:\image processing\lab5\opencvapplication-vs2013_2413_basic\opencvapplication.cpp(1372): warning C4244: 'argument': conversion from 'double' to 'int', possible loss of data
e:\image processing\lab5\opencvapplication-vs2013_2413_basic\opencvapplication.cpp(1457): warning C4244: '=': conversion from 'double' to 'float', possible loss of data
e:\image processing\lab5\opencvapplication-vs2013_2413_basic\opencvapplication.cpp(1458): warning C4244: '=': conversion from 'double' to 'float', possible loss of data
e:\image processing\lab5\opencvapplication-vs2013_2413_basic\opencvapplication.cpp(1570): warning C4101: 'neigh': unreferenced local variable
e:\image processing\lab5\opencvapplication-vs2013_2413_basic\opencvapplication.cpp(1583): warning C4018: '<': signed/unsigned mismatch
e:\image processing\lab5\opencvapplication-vs2013_2413_basic\opencvapplication.cpp(1636): warning C4018: '<': signed/unsigned mismatch
e:\image processing\lab5\opencvapplication-vs2013_2413_basic\opencvapplication.cpp(1688): warning C4018: '<': signed/unsigned mismatch
e:\image processing\lab5\opencvapplication-vs2013_2413_basic\opencvapplication.cpp(1722): warning C4101: 'neigh': unreferenced local variable
e:\image processing\lab5\opencvapplication-vs2013_2413_basic\opencvapplication.cpp(724): warning C4715: 'fromColorToGray': not all control paths return a value
  OpenCVApplication.vcxproj -> E:\Image Processing\Lab5\OpenCVApplication-VS2013_2413_basic\Debug\OpenCVApplication.exe
  OpenCVApplication.vcxproj -> E:\Image Processing\Lab5\OpenCVApplication-VS2013_2413_basic\Debug\OpenCVApplication.pdb (Full PDB)
  OpenCV\dll\Debug\opencv_calib3d2413d.dll
  OpenCV\dll\Debug\opencv_contrib2413d.dll
  OpenCV\dll\Debug\opencv_core2413d.dll
  OpenCV\dll\Debug\opencv_features2d2413d.dll
  OpenCV\dll\Debug\opencv_ffmpeg2413.dll
  OpenCV\dll\Debug\opencv_flann2413d.dll
  OpenCV\dll\Debug\opencv_gpu2413d.dll
  OpenCV\dll\Debug\opencv_highgui2413d.dll
  OpenCV\dll\Debug\opencv_imgproc2413d.dll
  OpenCV\dll\Debug\opencv_legacy2413d.dll
  OpenCV\dll\Debug\opencv_ml2413d.dll
  OpenCV\dll\Debug\opencv_nonfree2413d.dll
  OpenCV\dll\Debug\opencv_objdetect2413d.dll
  OpenCV\dll\Debug\opencv_ocl2413d.dll
  OpenCV\dll\Debug\opencv_photo2413d.dll
  OpenCV\dll\Debug\opencv_stitching2413d.dll
  OpenCV\dll\Debug\opencv_superres2413d.dll
  OpenCV\dll\Debug\opencv_video2413d.dll
  OpenCV\dll\Debug\opencv_videostab2413d.dll
         19 file(s) copied.
